<?xml version="1.0" encoding="UTF-8"?>
<robot generator="Robot 6.1.1 (Python 3.11.5 on darwin)" generated="20231019 23:48:46.735" rpa="false" schemaversion="4">
<suite id="s1" name="Main" source="/Users/cindyz/doppio_assign/main.robot">
<test id="s1-t1" name="Enter your username, password, and nickname. From the drop-down menu, select &quot;Doppio&quot;. Click the checkbox that says &quot;Robot is easy&quot; and click the button." line="5">
<kw name="Open Browser" library="SeleniumLibrary">
<arg>file:///Users/cindyz/doppio/ep01/ep01_small_excercise.html</arg>
<arg>browser=chrome</arg>
<arg>options=add_experimental_option("detach", True)</arg>
<doc>Opens a new browser instance to the optional ``url``.</doc>
<msg timestamp="20231019 23:48:47.086" level="INFO">Opening browser 'chrome' to base url 'file:///Users/cindyz/doppio/ep01/ep01_small_excercise.html'.</msg>
<status status="PASS" starttime="20231019 23:48:47.085" endtime="20231019 23:48:50.822"/>
</kw>
<kw name="Input Text" library="SeleniumLibrary">
<arg>id=username-box</arg>
<arg>MyUsername</arg>
<doc>Types the given ``text`` into the text field identified by ``locator``.</doc>
<msg timestamp="20231019 23:48:50.828" level="INFO">Typing text 'MyUsername' into text field 'id=username-box'.</msg>
<status status="PASS" starttime="20231019 23:48:50.823" endtime="20231019 23:48:51.406"/>
</kw>
<kw name="Input Text" library="SeleniumLibrary">
<arg>xpath=//div[@v='password']/input</arg>
<arg>MyPassword</arg>
<doc>Types the given ``text`` into the text field identified by ``locator``.</doc>
<msg timestamp="20231019 23:48:51.408" level="INFO">Typing text 'MyPassword' into text field 'xpath=//div[@v='password']/input'.</msg>
<status status="PASS" starttime="20231019 23:48:51.407" endtime="20231019 23:48:51.548"/>
</kw>
<kw name="Input Text" library="SeleniumLibrary">
<arg>xpath=//input[@doppio="nickname"]</arg>
<arg>Karn</arg>
<doc>Types the given ``text`` into the text field identified by ``locator``.</doc>
<msg timestamp="20231019 23:48:51.549" level="INFO">Typing text 'Karn' into text field 'xpath=//input[@doppio="nickname"]'.</msg>
<status status="PASS" starttime="20231019 23:48:51.548" endtime="20231019 23:48:51.683"/>
</kw>
<kw name="Select From List By Value" library="SeleniumLibrary">
<arg>id=company</arg>
<arg>doppio</arg>
<doc>Selects options from selection list ``locator`` by ``values``.</doc>
<msg timestamp="20231019 23:48:51.684" level="INFO">Selecting options from selection list 'id=company' by value doppio.</msg>
<status status="PASS" starttime="20231019 23:48:51.684" endtime="20231019 23:48:51.797"/>
</kw>
<kw name="Click Element" library="SeleniumLibrary">
<arg>id=op1</arg>
<doc>Click the element identified by ``locator``.</doc>
<msg timestamp="20231019 23:48:51.798" level="INFO">Clicking element 'id=op1'.</msg>
<status status="PASS" starttime="20231019 23:48:51.797" endtime="20231019 23:48:51.864"/>
</kw>
<kw name="Click Element" library="SeleniumLibrary">
<arg>id=use-me</arg>
<doc>Click the element identified by ``locator``.</doc>
<msg timestamp="20231019 23:48:51.865" level="INFO">Clicking element 'id=use-me'.</msg>
<status status="PASS" starttime="20231019 23:48:51.864" endtime="20231019 23:48:51.956"/>
</kw>
<status status="PASS" starttime="20231019 23:48:47.084" endtime="20231019 23:48:51.957"/>
</test>
<status status="PASS" starttime="20231019 23:48:46.736" endtime="20231019 23:48:51.959"/>
</suite>
<statistics>
<total>
<stat pass="1" fail="0" skip="0">All Tests</stat>
</total>
<tag>
</tag>
<suite>
<stat pass="1" fail="0" skip="0" id="s1" name="Main">Main</stat>
</suite>
</statistics>
<errors>
</errors>
</robot>
